{"D:\\dev\\noodle-bowl\\components\\ChallengeModal.tsx": {"path":"D:\\dev\\noodle-bowl\\components\\ChallengeModal.tsx","statementMap":{"0":{"start":{"line":38,"column":26},"end":{"line":38,"column":51}},"1":{"start":{"line":39,"column":38},"end":{"line":39,"column":50}},"2":{"start":{"line":40,"column":25},"end":{"line":40,"column":50}},"3":{"start":{"line":41,"column":36},"end":{"line":41,"column":51}},"4":{"start":{"line":43,"column":21},"end":{"line":43,"column":64}},"5":{"start":{"line":45,"column":22},"end":{"line":50,"column":3}},"6":{"start":{"line":46,"column":4},"end":{"line":46,"column":23}},"7":{"start":{"line":47,"column":4},"end":{"line":47,"column":22}},"8":{"start":{"line":48,"column":4},"end":{"line":48,"column":24}},"9":{"start":{"line":49,"column":4},"end":{"line":49,"column":14}},"10":{"start":{"line":52,"column":24},"end":{"line":56,"column":3}},"11":{"start":{"line":53,"column":4},"end":{"line":53,"column":49}},"12":{"start":{"line":54,"column":4},"end":{"line":54,"column":23}},"13":{"start":{"line":55,"column":4},"end":{"line":55,"column":48}},"14":{"start":{"line":55,"column":21},"end":{"line":55,"column":40}},"15":{"start":{"line":58,"column":22},"end":{"line":61,"column":3}},"16":{"start":{"line":59,"column":4},"end":{"line":59,"column":107}},"17":{"start":{"line":60,"column":4},"end":{"line":60,"column":15}},"18":{"start":{"line":63,"column":19},"end":{"line":66,"column":3}},"19":{"start":{"line":64,"column":4},"end":{"line":64,"column":23}},"20":{"start":{"line":65,"column":4},"end":{"line":65,"column":20}},"21":{"start":{"line":68,"column":2},"end":{"line":165,"column":4}},"22":{"start":{"line":90,"column":22},"end":{"line":99,"column":41}},"23":{"start":{"line":93,"column":39},"end":{"line":93,"column":63}},"24":{"start":{"line":116,"column":33},"end":{"line":116,"column":49}},"25":{"start":{"line":168,"column":15},"end":{"line":302,"column":2}}},"fnMap":{"0":{"name":"ChallengeModal","decl":{"start":{"line":37,"column":16},"end":{"line":37,"column":30}},"loc":{"start":{"line":37,"column":107},"end":{"line":166,"column":1}},"line":37},"1":{"name":"(anonymous_1)","decl":{"start":{"line":45,"column":22},"end":{"line":45,"column":23}},"loc":{"start":{"line":45,"column":28},"end":{"line":50,"column":3}},"line":45},"2":{"name":"(anonymous_2)","decl":{"start":{"line":52,"column":24},"end":{"line":52,"column":25}},"loc":{"start":{"line":52,"column":36},"end":{"line":56,"column":3}},"line":52},"3":{"name":"(anonymous_3)","decl":{"start":{"line":55,"column":15},"end":{"line":55,"column":16}},"loc":{"start":{"line":55,"column":21},"end":{"line":55,"column":40}},"line":55},"4":{"name":"(anonymous_4)","decl":{"start":{"line":58,"column":22},"end":{"line":58,"column":23}},"loc":{"start":{"line":58,"column":34},"end":{"line":61,"column":3}},"line":58},"5":{"name":"(anonymous_5)","decl":{"start":{"line":63,"column":19},"end":{"line":63,"column":20}},"loc":{"start":{"line":63,"column":25},"end":{"line":66,"column":3}},"line":63},"6":{"name":"(anonymous_6)","decl":{"start":{"line":89,"column":41},"end":{"line":89,"column":42}},"loc":{"start":{"line":90,"column":22},"end":{"line":99,"column":41}},"line":90},"7":{"name":"(anonymous_7)","decl":{"start":{"line":93,"column":33},"end":{"line":93,"column":34}},"loc":{"start":{"line":93,"column":39},"end":{"line":93,"column":63}},"line":93},"8":{"name":"(anonymous_8)","decl":{"start":{"line":116,"column":27},"end":{"line":116,"column":28}},"loc":{"start":{"line":116,"column":33},"end":{"line":116,"column":49}},"line":116}},"branchMap":{"0":{"loc":{"start":{"line":43,"column":21},"end":{"line":43,"column":64}},"type":"binary-expr","locations":[{"start":{"line":43,"column":21},"end":{"line":43,"column":35}},{"start":{"line":43,"column":39},"end":{"line":43,"column":64}}],"line":43},"1":{"loc":{"start":{"line":72,"column":18},"end":{"line":72,"column":62}},"type":"cond-expr","locations":[{"start":{"line":72,"column":42},"end":{"line":72,"column":51}},{"start":{"line":72,"column":54},"end":{"line":72,"column":62}}],"line":72},"2":{"loc":{"start":{"line":82,"column":13},"end":{"line":127,"column":13}},"type":"binary-expr","locations":[{"start":{"line":82,"column":13},"end":{"line":82,"column":31}},{"start":{"line":83,"column":14},"end":{"line":126,"column":17}}],"line":82},"3":{"loc":{"start":{"line":87,"column":17},"end":{"line":111,"column":17}},"type":"cond-expr","locations":[{"start":{"line":88,"column":18},"end":{"line":101,"column":25}},{"start":{"line":103,"column":18},"end":{"line":110,"column":20}}],"line":87},"4":{"loc":{"start":{"line":92,"column":50},"end":{"line":92,"column":102}},"type":"binary-expr","locations":[{"start":{"line":92,"column":50},"end":{"line":92,"column":74}},{"start":{"line":92,"column":78},"end":{"line":92,"column":102}}],"line":92},"5":{"loc":{"start":{"line":96,"column":60},"end":{"line":96,"column":116}},"type":"binary-expr","locations":[{"start":{"line":96,"column":60},"end":{"line":96,"column":84}},{"start":{"line":96,"column":88},"end":{"line":96,"column":116}}],"line":96},"6":{"loc":{"start":{"line":115,"column":45},"end":{"line":115,"column":92}},"type":"binary-expr","locations":[{"start":{"line":115,"column":45},"end":{"line":115,"column":63}},{"start":{"line":115,"column":67},"end":{"line":115,"column":92}}],"line":115},"7":{"loc":{"start":{"line":129,"column":13},"end":{"line":148,"column":13}},"type":"binary-expr","locations":[{"start":{"line":129,"column":13},"end":{"line":129,"column":29}},{"start":{"line":130,"column":14},"end":{"line":147,"column":17}}],"line":129},"8":{"loc":{"start":{"line":132,"column":19},"end":{"line":132,"column":109}},"type":"cond-expr","locations":[{"start":{"line":132,"column":29},"end":{"line":132,"column":70}},{"start":{"line":132,"column":73},"end":{"line":132,"column":109}}],"line":132},"9":{"loc":{"start":{"line":150,"column":13},"end":{"line":159,"column":13}},"type":"binary-expr","locations":[{"start":{"line":150,"column":13},"end":{"line":150,"column":28}},{"start":{"line":151,"column":14},"end":{"line":158,"column":17}}],"line":150}},"s":{"0":40,"1":40,"2":40,"3":40,"4":40,"5":40,"6":2,"7":2,"8":2,"9":2,"10":40,"11":1,"12":1,"13":1,"14":1,"15":40,"16":2,"17":2,"18":40,"19":2,"20":2,"21":40,"22":6,"23":1,"24":8,"25":1},"f":{"0":40,"1":2,"2":1,"3":1,"4":2,"5":2,"6":6,"7":1,"8":8},"b":{"0":[40,3],"1":[40,0],"2":[40,28],"3":[3,25],"4":[6,1],"5":[6,1],"6":[28,19],"7":[40,10],"8":[9,1],"9":[40,2]},"_coverageSchema":"1a1c01bbd47fc00a2c39e90264f33305004495a9","hash":"22c67dbfd00daac11bdd92ba6ceb40b89fb76d7b"}
,"D:\\dev\\noodle-bowl\\components\\CopiedToast.tsx": {"path":"D:\\dev\\noodle-bowl\\components\\CopiedToast.tsx","statementMap":{"0":{"start":{"line":7,"column":18},"end":{"line":7,"column":55}},"1":{"start":{"line":9,"column":2},"end":{"line":18,"column":16}},"2":{"start":{"line":10,"column":4},"end":{"line":17,"column":5}},"3":{"start":{"line":11,"column":6},"end":{"line":11,"column":26}},"4":{"start":{"line":12,"column":6},"end":{"line":16,"column":17}},"5":{"start":{"line":20,"column":2},"end":{"line":26,"column":4}},"6":{"start":{"line":29,"column":15},"end":{"line":51,"column":2}}},"fnMap":{"0":{"name":"CopiedToast","decl":{"start":{"line":6,"column":16},"end":{"line":6,"column":27}},"loc":{"start":{"line":6,"column":63},"end":{"line":27,"column":1}},"line":6},"1":{"name":"(anonymous_1)","decl":{"start":{"line":9,"column":12},"end":{"line":9,"column":13}},"loc":{"start":{"line":9,"column":18},"end":{"line":18,"column":3}},"line":9}},"branchMap":{"0":{"loc":{"start":{"line":10,"column":4},"end":{"line":17,"column":5}},"type":"if","locations":[{"start":{"line":10,"column":4},"end":{"line":17,"column":5}},{"start":{},"end":{}}],"line":10}},"s":{"0":42,"1":42,"2":22,"3":2,"4":2,"5":42,"6":2},"f":{"0":42,"1":22},"b":{"0":[2,20]},"_coverageSchema":"1a1c01bbd47fc00a2c39e90264f33305004495a9","hash":"c30f203ef3ae8582c14b7dba3fa74dc8330847bc"}
,"D:\\dev\\noodle-bowl\\components\\Masthead.tsx": {"path":"D:\\dev\\noodle-bowl\\components\\Masthead.tsx","statementMap":{"0":{"start":{"line":8,"column":19},"end":{"line":8,"column":35}},"1":{"start":{"line":9,"column":16},"end":{"line":9,"column":32}},"2":{"start":{"line":10,"column":20},"end":{"line":10,"column":29}},"3":{"start":{"line":11,"column":50},"end":{"line":11,"column":61}},"4":{"start":{"line":13,"column":2},"end":{"line":34,"column":4}},"5":{"start":{"line":37,"column":15},"end":{"line":86,"column":2}}},"fnMap":{"0":{"name":"Masthead","decl":{"start":{"line":7,"column":16},"end":{"line":7,"column":24}},"loc":{"start":{"line":7,"column":27},"end":{"line":35,"column":1}},"line":7}},"branchMap":{"0":{"loc":{"start":{"line":25,"column":9},"end":{"line":29,"column":9}},"type":"binary-expr","locations":[{"start":{"line":25,"column":9},"end":{"line":25,"column":24}},{"start":{"line":26,"column":10},"end":{"line":28,"column":17}}],"line":25},"1":{"loc":{"start":{"line":27,"column":29},"end":{"line":27,"column":69}},"type":"cond-expr","locations":[{"start":{"line":27,"column":58},"end":{"line":27,"column":64}},{"start":{"line":27,"column":67},"end":{"line":27,"column":69}}],"line":27}},"s":{"0":0,"1":0,"2":0,"3":0,"4":0,"5":0},"f":{"0":0},"b":{"0":[0,0],"1":[0,0]}}
,"D:\\dev\\noodle-bowl\\components\\external-link.tsx": {"path":"D:\\dev\\noodle-bowl\\components\\external-link.tsx","statementMap":{"0":{"start":{"line":8,"column":2},"end":{"line":24,"column":4}},"1":{"start":{"line":14,"column":8},"end":{"line":21,"column":9}},"2":{"start":{"line":16,"column":10},"end":{"line":16,"column":33}},"3":{"start":{"line":18,"column":10},"end":{"line":20,"column":13}}},"fnMap":{"0":{"name":"ExternalLink","decl":{"start":{"line":7,"column":16},"end":{"line":7,"column":28}},"loc":{"start":{"line":7,"column":55},"end":{"line":25,"column":1}},"line":7},"1":{"name":"(anonymous_1)","decl":{"start":{"line":13,"column":15},"end":{"line":13,"column":16}},"loc":{"start":{"line":13,"column":32},"end":{"line":22,"column":7}},"line":13}},"branchMap":{"0":{"loc":{"start":{"line":14,"column":8},"end":{"line":21,"column":9}},"type":"if","locations":[{"start":{"line":14,"column":8},"end":{"line":21,"column":9}},{"start":{},"end":{}}],"line":14}},"s":{"0":0,"1":0,"2":0,"3":0},"f":{"0":0,"1":0},"b":{"0":[0,0]}}
,"D:\\dev\\noodle-bowl\\components\\haptic-tab.tsx": {"path":"D:\\dev\\noodle-bowl\\components\\haptic-tab.tsx","statementMap":{"0":{"start":{"line":6,"column":2},"end":{"line":17,"column":4}},"1":{"start":{"line":10,"column":8},"end":{"line":13,"column":9}},"2":{"start":{"line":12,"column":10},"end":{"line":12,"column":65}},"3":{"start":{"line":14,"column":8},"end":{"line":14,"column":30}}},"fnMap":{"0":{"name":"HapticTab","decl":{"start":{"line":5,"column":16},"end":{"line":5,"column":25}},"loc":{"start":{"line":5,"column":58},"end":{"line":18,"column":1}},"line":5},"1":{"name":"(anonymous_1)","decl":{"start":{"line":9,"column":17},"end":{"line":9,"column":18}},"loc":{"start":{"line":9,"column":25},"end":{"line":15,"column":7}},"line":9}},"branchMap":{"0":{"loc":{"start":{"line":10,"column":8},"end":{"line":13,"column":9}},"type":"if","locations":[{"start":{"line":10,"column":8},"end":{"line":13,"column":9}},{"start":{},"end":{}}],"line":10}},"s":{"0":0,"1":0,"2":0,"3":0},"f":{"0":0,"1":0},"b":{"0":[0,0]}}
,"D:\\dev\\noodle-bowl\\components\\hello-wave.tsx": {"path":"D:\\dev\\noodle-bowl\\components\\hello-wave.tsx","statementMap":{"0":{"start":{"line":4,"column":2},"end":{"line":18,"column":4}}},"fnMap":{"0":{"name":"HelloWave","decl":{"start":{"line":3,"column":16},"end":{"line":3,"column":25}},"loc":{"start":{"line":3,"column":28},"end":{"line":19,"column":1}},"line":3}},"branchMap":{},"s":{"0":0},"f":{"0":0},"b":{}}
,"D:\\dev\\noodle-bowl\\components\\parallax-scroll-view.tsx": {"path":"D:\\dev\\noodle-bowl\\components\\parallax-scroll-view.tsx","statementMap":{"0":{"start":{"line":14,"column":22},"end":{"line":14,"column":25}},"1":{"start":{"line":26,"column":26},"end":{"line":26,"column":57}},"2":{"start":{"line":27,"column":22},"end":{"line":27,"column":49}},"3":{"start":{"line":28,"column":20},"end":{"line":28,"column":57}},"4":{"start":{"line":29,"column":23},"end":{"line":29,"column":49}},"5":{"start":{"line":30,"column":30},"end":{"line":45,"column":4}},"6":{"start":{"line":31,"column":4},"end":{"line":44,"column":6}},"7":{"start":{"line":47,"column":2},"end":{"line":62,"column":4}},"8":{"start":{"line":65,"column":15},"end":{"line":79,"column":2}}},"fnMap":{"0":{"name":"ParallaxScrollView","decl":{"start":{"line":21,"column":24},"end":{"line":21,"column":42}},"loc":{"start":{"line":25,"column":10},"end":{"line":63,"column":1}},"line":25},"1":{"name":"(anonymous_1)","decl":{"start":{"line":30,"column":47},"end":{"line":30,"column":48}},"loc":{"start":{"line":30,"column":53},"end":{"line":45,"column":3}},"line":30}},"branchMap":{"0":{"loc":{"start":{"line":27,"column":22},"end":{"line":27,"column":49}},"type":"binary-expr","locations":[{"start":{"line":27,"column":22},"end":{"line":27,"column":38}},{"start":{"line":27,"column":42},"end":{"line":27,"column":49}}],"line":27}},"s":{"0":0,"1":0,"2":0,"3":0,"4":0,"5":0,"6":0,"7":0,"8":0},"f":{"0":0,"1":0},"b":{"0":[0,0]}}
,"D:\\dev\\noodle-bowl\\components\\themed-text.tsx": {"path":"D:\\dev\\noodle-bowl\\components\\themed-text.tsx","statementMap":{"0":{"start":{"line":18,"column":16},"end":{"line":18,"column":77}},"1":{"start":{"line":20,"column":2},"end":{"line":33,"column":4}},"2":{"start":{"line":36,"column":15},"end":{"line":60,"column":2}}},"fnMap":{"0":{"name":"ThemedText","decl":{"start":{"line":11,"column":16},"end":{"line":11,"column":26}},"loc":{"start":{"line":17,"column":20},"end":{"line":34,"column":1}},"line":17}},"branchMap":{"0":{"loc":{"start":{"line":15,"column":2},"end":{"line":15,"column":18}},"type":"default-arg","locations":[{"start":{"line":15,"column":9},"end":{"line":15,"column":18}}],"line":15},"1":{"loc":{"start":{"line":24,"column":8},"end":{"line":24,"column":55}},"type":"cond-expr","locations":[{"start":{"line":24,"column":29},"end":{"line":24,"column":43}},{"start":{"line":24,"column":46},"end":{"line":24,"column":55}}],"line":24},"2":{"loc":{"start":{"line":25,"column":8},"end":{"line":25,"column":51}},"type":"cond-expr","locations":[{"start":{"line":25,"column":27},"end":{"line":25,"column":39}},{"start":{"line":25,"column":42},"end":{"line":25,"column":51}}],"line":25},"3":{"loc":{"start":{"line":26,"column":8},"end":{"line":26,"column":71}},"type":"cond-expr","locations":[{"start":{"line":26,"column":37},"end":{"line":26,"column":59}},{"start":{"line":26,"column":62},"end":{"line":26,"column":71}}],"line":26},"4":{"loc":{"start":{"line":27,"column":8},"end":{"line":27,"column":57}},"type":"cond-expr","locations":[{"start":{"line":27,"column":30},"end":{"line":27,"column":45}},{"start":{"line":27,"column":48},"end":{"line":27,"column":57}}],"line":27},"5":{"loc":{"start":{"line":28,"column":8},"end":{"line":28,"column":49}},"type":"cond-expr","locations":[{"start":{"line":28,"column":26},"end":{"line":28,"column":37}},{"start":{"line":28,"column":40},"end":{"line":28,"column":49}}],"line":28}},"s":{"0":0,"1":0,"2":0},"f":{"0":0},"b":{"0":[0],"1":[0,0],"2":[0,0],"3":[0,0],"4":[0,0],"5":[0,0]}}
,"D:\\dev\\noodle-bowl\\components\\themed-view.tsx": {"path":"D:\\dev\\noodle-bowl\\components\\themed-view.tsx","statementMap":{"0":{"start":{"line":11,"column":26},"end":{"line":11,"column":93}},"1":{"start":{"line":13,"column":2},"end":{"line":13,"column":71}}},"fnMap":{"0":{"name":"ThemedView","decl":{"start":{"line":10,"column":16},"end":{"line":10,"column":26}},"loc":{"start":{"line":10,"column":93},"end":{"line":14,"column":1}},"line":10}},"branchMap":{},"s":{"0":0,"1":0},"f":{"0":0},"b":{}}
,"D:\\dev\\noodle-bowl\\components\\ui\\collapsible.tsx": {"path":"D:\\dev\\noodle-bowl\\components\\ui\\collapsible.tsx","statementMap":{"0":{"start":{"line":11,"column":30},"end":{"line":11,"column":45}},"1":{"start":{"line":12,"column":16},"end":{"line":12,"column":43}},"2":{"start":{"line":14,"column":2},"end":{"line":32,"column":4}},"3":{"start":{"line":18,"column":23},"end":{"line":18,"column":51}},"4":{"start":{"line":18,"column":44},"end":{"line":18,"column":50}},"5":{"start":{"line":35,"column":15},"end":{"line":45,"column":2}}},"fnMap":{"0":{"name":"Collapsible","decl":{"start":{"line":10,"column":16},"end":{"line":10,"column":27}},"loc":{"start":{"line":10,"column":88},"end":{"line":33,"column":1}},"line":10},"1":{"name":"(anonymous_1)","decl":{"start":{"line":18,"column":17},"end":{"line":18,"column":18}},"loc":{"start":{"line":18,"column":23},"end":{"line":18,"column":51}},"line":18},"2":{"name":"(anonymous_2)","decl":{"start":{"line":18,"column":33},"end":{"line":18,"column":34}},"loc":{"start":{"line":18,"column":44},"end":{"line":18,"column":50}},"line":18}},"branchMap":{"0":{"loc":{"start":{"line":12,"column":16},"end":{"line":12,"column":43}},"type":"binary-expr","locations":[{"start":{"line":12,"column":16},"end":{"line":12,"column":32}},{"start":{"line":12,"column":36},"end":{"line":12,"column":43}}],"line":12},"1":{"loc":{"start":{"line":24,"column":17},"end":{"line":24,"column":73}},"type":"cond-expr","locations":[{"start":{"line":24,"column":37},"end":{"line":24,"column":54}},{"start":{"line":24,"column":57},"end":{"line":24,"column":73}}],"line":24},"2":{"loc":{"start":{"line":25,"column":41},"end":{"line":25,"column":66}},"type":"cond-expr","locations":[{"start":{"line":25,"column":50},"end":{"line":25,"column":57}},{"start":{"line":25,"column":60},"end":{"line":25,"column":66}}],"line":25},"3":{"loc":{"start":{"line":30,"column":7},"end":{"line":30,"column":75}},"type":"binary-expr","locations":[{"start":{"line":30,"column":7},"end":{"line":30,"column":13}},{"start":{"line":30,"column":17},"end":{"line":30,"column":75}}],"line":30}},"s":{"0":0,"1":0,"2":0,"3":0,"4":0,"5":0},"f":{"0":0,"1":0,"2":0},"b":{"0":[0,0],"1":[0,0],"2":[0,0],"3":[0,0]}}
,"D:\\dev\\noodle-bowl\\components\\ui\\icon-symbol.ios.tsx": {"path":"D:\\dev\\noodle-bowl\\components\\ui\\icon-symbol.ios.tsx","statementMap":{"0":{"start":{"line":17,"column":2},"end":{"line":31,"column":4}}},"fnMap":{"0":{"name":"IconSymbol","decl":{"start":{"line":4,"column":16},"end":{"line":4,"column":26}},"loc":{"start":{"line":16,"column":3},"end":{"line":32,"column":1}},"line":16}},"branchMap":{"0":{"loc":{"start":{"line":6,"column":2},"end":{"line":6,"column":11}},"type":"default-arg","locations":[{"start":{"line":6,"column":9},"end":{"line":6,"column":11}}],"line":6},"1":{"loc":{"start":{"line":9,"column":2},"end":{"line":9,"column":20}},"type":"default-arg","locations":[{"start":{"line":9,"column":11},"end":{"line":9,"column":20}}],"line":9}},"s":{"0":0},"f":{"0":0},"b":{"0":[0],"1":[0]}}
,"D:\\dev\\noodle-bowl\\components\\ui\\icon-symbol.tsx": {"path":"D:\\dev\\noodle-bowl\\components\\ui\\icon-symbol.tsx","statementMap":{"0":{"start":{"line":16,"column":16},"end":{"line":23,"column":16}},"1":{"start":{"line":42,"column":2},"end":{"line":42,"column":88}}},"fnMap":{"0":{"name":"IconSymbol","decl":{"start":{"line":30,"column":16},"end":{"line":30,"column":26}},"loc":{"start":{"line":41,"column":3},"end":{"line":43,"column":1}},"line":41}},"branchMap":{"0":{"loc":{"start":{"line":32,"column":2},"end":{"line":32,"column":11}},"type":"default-arg","locations":[{"start":{"line":32,"column":9},"end":{"line":32,"column":11}}],"line":32}},"s":{"0":0,"1":0},"f":{"0":0},"b":{"0":[0]}}
,"D:\\dev\\noodle-bowl\\constants\\data.ts": {"path":"D:\\dev\\noodle-bowl\\constants\\data.ts","statementMap":{"0":{"start":{"line":163,"column":42},"end":{"line":170,"column":1}},"1":{"start":{"line":172,"column":36},"end":{"line":236,"column":1}},"2":{"start":{"line":238,"column":41},"end":{"line":281,"column":1}},"3":{"start":{"line":283,"column":37},"end":{"line":424,"column":1}},"4":{"start":{"line":426,"column":37},"end":{"line":469,"column":1}},"5":{"start":{"line":471,"column":35},"end":{"line":697,"column":1}},"6":{"start":{"line":699,"column":141},"end":{"line":745,"column":1}},"7":{"start":{"line":747,"column":39},"end":{"line":747,"column":64}}},"fnMap":{},"branchMap":{},"s":{"0":0,"1":0,"2":0,"3":0,"4":0,"5":0,"6":0,"7":0},"f":{},"b":{}}
,"D:\\dev\\noodle-bowl\\constants\\theme.ts": {"path":"D:\\dev\\noodle-bowl\\constants\\theme.ts","statementMap":{"0":{"start":{"line":1,"column":17},"end":{"line":16,"column":10}},"1":{"start":{"line":18,"column":17},"end":{"line":30,"column":10}},"2":{"start":{"line":33,"column":22},"end":{"line":50,"column":1}},"3":{"start":{"line":52,"column":26},"end":{"line":58,"column":10}}},"fnMap":{},"branchMap":{},"s":{"0":2,"1":2,"2":2,"3":2},"f":{},"b":{},"_coverageSchema":"1a1c01bbd47fc00a2c39e90264f33305004495a9","hash":"4f12fb647a19e92118b1ce46dc830c134821b087"}
,"D:\\dev\\noodle-bowl\\constants\\utils.ts": {"path":"D:\\dev\\noodle-bowl\\constants\\utils.ts","statementMap":{"0":{"start":{"line":2,"column":2},"end":{"line":2,"column":25}},"1":{"start":{"line":2,"column":16},"end":{"line":2,"column":25}},"2":{"start":{"line":3,"column":2},"end":{"line":3,"column":54}},"3":{"start":{"line":7,"column":2},"end":{"line":7,"column":84}},"4":{"start":{"line":11,"column":2},"end":{"line":16,"column":5}},"5":{"start":{"line":20,"column":12},"end":{"line":20,"column":22}},"6":{"start":{"line":21,"column":2},"end":{"line":21,"column":115}},"7":{"start":{"line":25,"column":15},"end":{"line":25,"column":46}},"8":{"start":{"line":26,"column":16},"end":{"line":26,"column":26}},"9":{"start":{"line":27,"column":2},"end":{"line":27,"column":29}},"10":{"start":{"line":28,"column":19},"end":{"line":28,"column":76}},"11":{"start":{"line":29,"column":2},"end":{"line":29,"column":37}},"12":{"start":{"line":29,"column":22},"end":{"line":29,"column":37}},"13":{"start":{"line":30,"column":2},"end":{"line":30,"column":41}},"14":{"start":{"line":30,"column":22},"end":{"line":30,"column":41}},"15":{"start":{"line":31,"column":2},"end":{"line":31,"column":50}},"16":{"start":{"line":31,"column":20},"end":{"line":31,"column":50}},"17":{"start":{"line":32,"column":2},"end":{"line":32,"column":41}},"18":{"start":{"line":32,"column":21},"end":{"line":32,"column":41}},"19":{"start":{"line":33,"column":2},"end":{"line":33,"column":49}},"20":{"start":{"line":37,"column":14},"end":{"line":37,"column":49}},"21":{"start":{"line":37,"column":47},"end":{"line":37,"column":48}},"22":{"start":{"line":38,"column":2},"end":{"line":41,"column":3}},"23":{"start":{"line":38,"column":15},"end":{"line":38,"column":29}},"24":{"start":{"line":39,"column":14},"end":{"line":39,"column":49}},"25":{"start":{"line":40,"column":4},"end":{"line":40,"column":40}},"26":{"start":{"line":42,"column":2},"end":{"line":42,"column":13}},"27":{"start":{"line":46,"column":16},"end":{"line":46,"column":54}},"28":{"start":{"line":47,"column":15},"end":{"line":47,"column":17}},"29":{"start":{"line":48,"column":2},"end":{"line":48,"column":88}},"30":{"start":{"line":48,"column":15},"end":{"line":48,"column":16}},"31":{"start":{"line":48,"column":30},"end":{"line":48,"column":88}},"32":{"start":{"line":49,"column":2},"end":{"line":49,"column":46}},"33":{"start":{"line":53,"column":20},"end":{"line":53,"column":58}},"34":{"start":{"line":54,"column":20},"end":{"line":54,"column":77}},"35":{"start":{"line":54,"column":39},"end":{"line":54,"column":40}},"36":{"start":{"line":54,"column":54},"end":{"line":54,"column":76}},"37":{"start":{"line":55,"column":14},"end":{"line":55,"column":69}},"38":{"start":{"line":56,"column":2},"end":{"line":56,"column":64}},"39":{"start":{"line":60,"column":20},"end":{"line":60,"column":61}},"40":{"start":{"line":61,"column":15},"end":{"line":61,"column":16}},"41":{"start":{"line":62,"column":2},"end":{"line":64,"column":39}},"42":{"start":{"line":62,"column":22},"end":{"line":62,"column":34}},"43":{"start":{"line":63,"column":7},"end":{"line":64,"column":39}},"44":{"start":{"line":63,"column":28},"end":{"line":63,"column":40}},"45":{"start":{"line":64,"column":7},"end":{"line":64,"column":39}},"46":{"start":{"line":64,"column":28},"end":{"line":64,"column":39}},"47":{"start":{"line":65,"column":18},"end":{"line":65,"column":33}},"48":{"start":{"line":66,"column":2},"end":{"line":66,"column":40}}},"fnMap":{"0":{"name":"calculatePoints","decl":{"start":{"line":1,"column":16},"end":{"line":1,"column":31}},"loc":{"start":{"line":1,"column":98},"end":{"line":4,"column":1}},"line":1},"1":{"name":"getIssueNumber","decl":{"start":{"line":6,"column":16},"end":{"line":6,"column":30}},"loc":{"start":{"line":6,"column":41},"end":{"line":8,"column":1}},"line":6},"2":{"name":"getTodayString","decl":{"start":{"line":10,"column":16},"end":{"line":10,"column":30}},"loc":{"start":{"line":10,"column":41},"end":{"line":17,"column":1}},"line":10},"3":{"name":"getTodayISODate","decl":{"start":{"line":19,"column":16},"end":{"line":19,"column":31}},"loc":{"start":{"line":19,"column":42},"end":{"line":22,"column":1}},"line":19},"4":{"name":"formatRelativeDate","decl":{"start":{"line":24,"column":16},"end":{"line":24,"column":34}},"loc":{"start":{"line":24,"column":60},"end":{"line":34,"column":1}},"line":24},"5":{"name":"shuffleIndices","decl":{"start":{"line":36,"column":16},"end":{"line":36,"column":30}},"loc":{"start":{"line":36,"column":57},"end":{"line":43,"column":1}},"line":36},"6":{"name":"(anonymous_6)","decl":{"start":{"line":37,"column":37},"end":{"line":37,"column":38}},"loc":{"start":{"line":37,"column":47},"end":{"line":37,"column":48}},"line":37},"7":{"name":"genChallengeUrl","decl":{"start":{"line":45,"column":16},"end":{"line":45,"column":31}},"loc":{"start":{"line":45,"column":42},"end":{"line":50,"column":1}},"line":45},"8":{"name":"pickFromBank","decl":{"start":{"line":52,"column":16},"end":{"line":52,"column":28}},"loc":{"start":{"line":52,"column":104},"end":{"line":57,"column":1}},"line":52},"9":{"name":"(anonymous_9)","decl":{"start":{"line":54,"column":29},"end":{"line":54,"column":30}},"loc":{"start":{"line":54,"column":39},"end":{"line":54,"column":40}},"line":54},"10":{"name":"(anonymous_10)","decl":{"start":{"line":54,"column":49},"end":{"line":54,"column":50}},"loc":{"start":{"line":54,"column":54},"end":{"line":54,"column":76}},"line":54},"11":{"name":"scoreSpread","decl":{"start":{"line":59,"column":16},"end":{"line":59,"column":27}},"loc":{"start":{"line":59,"column":116},"end":{"line":67,"column":1}},"line":59}},"branchMap":{"0":{"loc":{"start":{"line":1,"column":73},"end":{"line":1,"column":88}},"type":"default-arg","locations":[{"start":{"line":1,"column":86},"end":{"line":1,"column":88}}],"line":1},"1":{"loc":{"start":{"line":2,"column":2},"end":{"line":2,"column":25}},"type":"if","locations":[{"start":{"line":2,"column":2},"end":{"line":2,"column":25}},{"start":{},"end":{}}],"line":2},"2":{"loc":{"start":{"line":29,"column":2},"end":{"line":29,"column":37}},"type":"if","locations":[{"start":{"line":29,"column":2},"end":{"line":29,"column":37}},{"start":{},"end":{}}],"line":29},"3":{"loc":{"start":{"line":30,"column":2},"end":{"line":30,"column":41}},"type":"if","locations":[{"start":{"line":30,"column":2},"end":{"line":30,"column":41}},{"start":{},"end":{}}],"line":30},"4":{"loc":{"start":{"line":31,"column":2},"end":{"line":31,"column":50}},"type":"if","locations":[{"start":{"line":31,"column":2},"end":{"line":31,"column":50}},{"start":{},"end":{}}],"line":31},"5":{"loc":{"start":{"line":32,"column":2},"end":{"line":32,"column":41}},"type":"if","locations":[{"start":{"line":32,"column":2},"end":{"line":32,"column":41}},{"start":{},"end":{}}],"line":32},"6":{"loc":{"start":{"line":53,"column":20},"end":{"line":53,"column":58}},"type":"cond-expr","locations":[{"start":{"line":53,"column":49},"end":{"line":53,"column":51}},{"start":{"line":53,"column":54},"end":{"line":53,"column":58}}],"line":53},"7":{"loc":{"start":{"line":62,"column":2},"end":{"line":64,"column":39}},"type":"if","locations":[{"start":{"line":62,"column":2},"end":{"line":64,"column":39}},{"start":{"line":63,"column":7},"end":{"line":64,"column":39}}],"line":62},"8":{"loc":{"start":{"line":63,"column":7},"end":{"line":64,"column":39}},"type":"if","locations":[{"start":{"line":63,"column":7},"end":{"line":64,"column":39}},{"start":{"line":64,"column":7},"end":{"line":64,"column":39}}],"line":63},"9":{"loc":{"start":{"line":64,"column":7},"end":{"line":64,"column":39}},"type":"if","locations":[{"start":{"line":64,"column":7},"end":{"line":64,"column":39}},{"start":{},"end":{}}],"line":64}},"s":{"0":12,"1":3,"2":9,"3":0,"4":0,"5":5,"6":5,"7":5,"8":5,"9":5,"10":5,"11":5,"12":1,"13":4,"14":1,"15":3,"16":1,"17":2,"18":1,"19":1,"20":7,"21":32,"22":7,"23":7,"24":26,"25":26,"26":7,"27":21,"28":21,"29":21,"30":21,"31":168,"32":21,"33":5,"34":5,"35":25,"36":25,"37":5,"38":5,"39":6,"40":6,"41":6,"42":2,"43":4,"44":2,"45":2,"46":1,"47":6,"48":6},"f":{"0":12,"1":0,"2":0,"3":5,"4":5,"5":7,"6":32,"7":21,"8":5,"9":25,"10":25,"11":6},"b":{"0":[10],"1":[3,9],"2":[1,4],"3":[1,3],"4":[1,2],"5":[1,1],"6":[1,4],"7":[2,4],"8":[2,2],"9":[1,1]},"_coverageSchema":"1a1c01bbd47fc00a2c39e90264f33305004495a9","hash":"eba784d5d5f3bfea57577ffe4377310d48f85bb9"}
,"D:\\dev\\noodle-bowl\\context\\GameContext.tsx": {"path":"D:\\dev\\noodle-bowl\\context\\GameContext.tsx","statementMap":{"0":{"start":{"line":18,"column":20},"end":{"line":18,"column":63}},"1":{"start":{"line":20,"column":20},"end":{"line":20,"column":36}},"2":{"start":{"line":23,"column":28},"end":{"line":23,"column":61}},"3":{"start":{"line":24,"column":34},"end":{"line":24,"column":49}},"4":{"start":{"line":26,"column":2},"end":{"line":36,"column":9}},"5":{"start":{"line":27,"column":4},"end":{"line":35,"column":40}},"6":{"start":{"line":29,"column":8},"end":{"line":32,"column":9}},"7":{"start":{"line":30,"column":25},"end":{"line":30,"column":42}},"8":{"start":{"line":31,"column":10},"end":{"line":31,"column":54}},"9":{"start":{"line":35,"column":21},"end":{"line":35,"column":38}},"10":{"start":{"line":38,"column":2},"end":{"line":44,"column":24}},"11":{"start":{"line":39,"column":4},"end":{"line":39,"column":26}},"12":{"start":{"line":39,"column":19},"end":{"line":39,"column":26}},"13":{"start":{"line":40,"column":4},"end":{"line":43,"column":22}},"14":{"start":{"line":46,"column":26},"end":{"line":49,"column":8}},"15":{"start":{"line":47,"column":4},"end":{"line":47,"column":62}},"16":{"start":{"line":48,"column":4},"end":{"line":48,"column":72}},"17":{"start":{"line":51,"column":18},"end":{"line":53,"column":8}},"18":{"start":{"line":52,"column":4},"end":{"line":52,"column":47}},"19":{"start":{"line":55,"column":27},"end":{"line":57,"column":8}},"20":{"start":{"line":56,"column":4},"end":{"line":56,"column":38}},"21":{"start":{"line":59,"column":31},"end":{"line":64,"column":8}},"22":{"start":{"line":60,"column":4},"end":{"line":63,"column":7}},"23":{"start":{"line":66,"column":2},"end":{"line":70,"column":4}},"24":{"start":{"line":74,"column":14},"end":{"line":74,"column":37}},"25":{"start":{"line":75,"column":2},"end":{"line":75,"column":72}},"26":{"start":{"line":75,"column":12},"end":{"line":75,"column":72}},"27":{"start":{"line":76,"column":2},"end":{"line":76,"column":13}}},"fnMap":{"0":{"name":"GameProvider","decl":{"start":{"line":22,"column":16},"end":{"line":22,"column":28}},"loc":{"start":{"line":22,"column":74},"end":{"line":71,"column":1}},"line":22},"1":{"name":"(anonymous_1)","decl":{"start":{"line":26,"column":12},"end":{"line":26,"column":13}},"loc":{"start":{"line":26,"column":18},"end":{"line":36,"column":3}},"line":26},"2":{"name":"(anonymous_2)","decl":{"start":{"line":28,"column":12},"end":{"line":28,"column":13}},"loc":{"start":{"line":28,"column":21},"end":{"line":33,"column":7}},"line":28},"3":{"name":"(anonymous_3)","decl":{"start":{"line":34,"column":13},"end":{"line":34,"column":14}},"loc":{"start":{"line":34,"column":19},"end":{"line":34,"column":21}},"line":34},"4":{"name":"(anonymous_4)","decl":{"start":{"line":35,"column":15},"end":{"line":35,"column":16}},"loc":{"start":{"line":35,"column":21},"end":{"line":35,"column":38}},"line":35},"5":{"name":"(anonymous_5)","decl":{"start":{"line":38,"column":12},"end":{"line":38,"column":13}},"loc":{"start":{"line":38,"column":18},"end":{"line":44,"column":3}},"line":38},"6":{"name":"(anonymous_6)","decl":{"start":{"line":43,"column":12},"end":{"line":43,"column":13}},"loc":{"start":{"line":43,"column":18},"end":{"line":43,"column":20}},"line":43},"7":{"name":"(anonymous_7)","decl":{"start":{"line":46,"column":38},"end":{"line":46,"column":39}},"loc":{"start":{"line":46,"column":90},"end":{"line":49,"column":3}},"line":46},"8":{"name":"(anonymous_8)","decl":{"start":{"line":51,"column":30},"end":{"line":51,"column":31}},"loc":{"start":{"line":51,"column":64},"end":{"line":53,"column":3}},"line":51},"9":{"name":"(anonymous_9)","decl":{"start":{"line":55,"column":39},"end":{"line":55,"column":40}},"loc":{"start":{"line":55,"column":45},"end":{"line":57,"column":3}},"line":55},"10":{"name":"(anonymous_10)","decl":{"start":{"line":59,"column":43},"end":{"line":59,"column":44}},"loc":{"start":{"line":59,"column":100},"end":{"line":64,"column":3}},"line":59},"11":{"name":"useGame","decl":{"start":{"line":73,"column":16},"end":{"line":73,"column":23}},"loc":{"start":{"line":73,"column":43},"end":{"line":77,"column":1}},"line":73}},"branchMap":{"0":{"loc":{"start":{"line":29,"column":8},"end":{"line":32,"column":9}},"type":"if","locations":[{"start":{"line":29,"column":8},"end":{"line":32,"column":9}},{"start":{},"end":{}}],"line":29},"1":{"loc":{"start":{"line":39,"column":4},"end":{"line":39,"column":26}},"type":"if","locations":[{"start":{"line":39,"column":4},"end":{"line":39,"column":26}},{"start":{},"end":{}}],"line":39},"2":{"loc":{"start":{"line":75,"column":2},"end":{"line":75,"column":72}},"type":"if","locations":[{"start":{"line":75,"column":2},"end":{"line":75,"column":72}},{"start":{},"end":{}}],"line":75}},"s":{"0":0,"1":0,"2":0,"3":0,"4":0,"5":0,"6":0,"7":0,"8":0,"9":0,"10":0,"11":0,"12":0,"13":0,"14":0,"15":0,"16":0,"17":0,"18":0,"19":0,"20":0,"21":0,"22":0,"23":0,"24":0,"25":0,"26":0,"27":0},"f":{"0":0,"1":0,"2":0,"3":0,"4":0,"5":0,"6":0,"7":0,"8":0,"9":0,"10":0,"11":0},"b":{"0":[0,0],"1":[0,0],"2":[0,0]}}
,"D:\\dev\\noodle-bowl\\context\\gameReducer.ts": {"path":"D:\\dev\\noodle-bowl\\context\\gameReducer.ts","statementMap":{"0":{"start":{"line":44,"column":36},"end":{"line":44,"column":101}},"1":{"start":{"line":46,"column":38},"end":{"line":64,"column":1}},"2":{"start":{"line":67,"column":12},"end":{"line":67,"column":43}},"3":{"start":{"line":68,"column":2},"end":{"line":68,"column":29}},"4":{"start":{"line":69,"column":2},"end":{"line":69,"column":115}},"5":{"start":{"line":81,"column":2},"end":{"line":172,"column":3}},"6":{"start":{"line":83,"column":50},"end":{"line":83,"column":64}},"7":{"start":{"line":84,"column":26},"end":{"line":84,"column":51}},"8":{"start":{"line":85,"column":6},"end":{"line":97,"column":7}},"9":{"start":{"line":86,"column":8},"end":{"line":86,"column":57}},"10":{"start":{"line":87,"column":8},"end":{"line":87,"column":57}},"11":{"start":{"line":88,"column":8},"end":{"line":88,"column":65}},"12":{"start":{"line":89,"column":8},"end":{"line":89,"column":66}},"13":{"start":{"line":90,"column":8},"end":{"line":90,"column":65}},"14":{"start":{"line":91,"column":8},"end":{"line":91,"column":79}},"15":{"start":{"line":92,"column":8},"end":{"line":92,"column":81}},"16":{"start":{"line":93,"column":8},"end":{"line":96,"column":11}},"17":{"start":{"line":94,"column":24},"end":{"line":94,"column":32}},"18":{"start":{"line":95,"column":10},"end":{"line":95,"column":87}},"19":{"start":{"line":95,"column":21},"end":{"line":95,"column":87}},"20":{"start":{"line":98,"column":25},"end":{"line":98,"column":49}},"21":{"start":{"line":99,"column":6},"end":{"line":103,"column":7}},"22":{"start":{"line":100,"column":8},"end":{"line":102,"column":11}},"23":{"start":{"line":101,"column":10},"end":{"line":101,"column":48}},"24":{"start":{"line":101,"column":23},"end":{"line":101,"column":48}},"25":{"start":{"line":104,"column":6},"end":{"line":108,"column":8}},"26":{"start":{"line":111,"column":40},"end":{"line":111,"column":46}},"27":{"start":{"line":112,"column":19},"end":{"line":112,"column":36}},"28":{"start":{"line":113,"column":24},"end":{"line":113,"column":53}},"29":{"start":{"line":114,"column":6},"end":{"line":127,"column":8}},"30":{"start":{"line":130,"column":24},"end":{"line":130,"column":30}},"31":{"start":{"line":131,"column":24},"end":{"line":131,"column":29}},"32":{"start":{"line":132,"column":6},"end":{"line":132,"column":55}},"33":{"start":{"line":132,"column":42},"end":{"line":132,"column":55}},"34":{"start":{"line":133,"column":24},"end":{"line":133,"column":45}},"35":{"start":{"line":134,"column":27},"end":{"line":134,"column":44}},"36":{"start":{"line":135,"column":23},"end":{"line":135,"column":51}},"37":{"start":{"line":136,"column":31},"end":{"line":136,"column":58}},"38":{"start":{"line":137,"column":6},"end":{"line":144,"column":7}},"39":{"start":{"line":138,"column":8},"end":{"line":138,"column":47}},"40":{"start":{"line":139,"column":13},"end":{"line":144,"column":7}},"41":{"start":{"line":140,"column":8},"end":{"line":140,"column":54}},"42":{"start":{"line":141,"column":8},"end":{"line":141,"column":34}},"43":{"start":{"line":143,"column":8},"end":{"line":143,"column":63}},"44":{"start":{"line":145,"column":6},"end":{"line":156,"column":8}},"45":{"start":{"line":159,"column":6},"end":{"line":159,"column":79}},"46":{"start":{"line":161,"column":6},"end":{"line":167,"column":8}},"47":{"start":{"line":169,"column":6},"end":{"line":169,"column":97}},"48":{"start":{"line":171,"column":6},"end":{"line":171,"column":19}}},"fnMap":{"0":{"name":"getPreviousDay","decl":{"start":{"line":66,"column":16},"end":{"line":66,"column":30}},"loc":{"start":{"line":66,"column":56},"end":{"line":70,"column":1}},"line":66},"1":{"name":"reducer","decl":{"start":{"line":80,"column":16},"end":{"line":80,"column":23}},"loc":{"start":{"line":80,"column":67},"end":{"line":173,"column":1}},"line":80},"2":{"name":"(anonymous_2)","decl":{"start":{"line":93,"column":81},"end":{"line":93,"column":82}},"loc":{"start":{"line":93,"column":86},"end":{"line":96,"column":9}},"line":93},"3":{"name":"(anonymous_3)","decl":{"start":{"line":100,"column":81},"end":{"line":100,"column":82}},"loc":{"start":{"line":100,"column":86},"end":{"line":102,"column":9}},"line":100}},"branchMap":{"0":{"loc":{"start":{"line":81,"column":2},"end":{"line":172,"column":3}},"type":"switch","locations":[{"start":{"line":82,"column":4},"end":{"line":109,"column":5}},{"start":{"line":110,"column":4},"end":{"line":128,"column":5}},{"start":{"line":129,"column":4},"end":{"line":157,"column":5}},{"start":{"line":158,"column":4},"end":{"line":159,"column":79}},{"start":{"line":160,"column":4},"end":{"line":167,"column":8}},{"start":{"line":168,"column":4},"end":{"line":169,"column":97}},{"start":{"line":170,"column":4},"end":{"line":171,"column":19}}],"line":81},"1":{"loc":{"start":{"line":85,"column":6},"end":{"line":97,"column":7}},"type":"if","locations":[{"start":{"line":85,"column":6},"end":{"line":97,"column":7}},{"start":{},"end":{}}],"line":85},"2":{"loc":{"start":{"line":86,"column":34},"end":{"line":86,"column":56}},"type":"binary-expr","locations":[{"start":{"line":86,"column":34},"end":{"line":86,"column":51}},{"start":{"line":86,"column":55},"end":{"line":86,"column":56}}],"line":86},"3":{"loc":{"start":{"line":87,"column":34},"end":{"line":87,"column":56}},"type":"binary-expr","locations":[{"start":{"line":87,"column":34},"end":{"line":87,"column":51}},{"start":{"line":87,"column":55},"end":{"line":87,"column":56}}],"line":87},"4":{"loc":{"start":{"line":88,"column":38},"end":{"line":88,"column":64}},"type":"binary-expr","locations":[{"start":{"line":88,"column":38},"end":{"line":88,"column":59}},{"start":{"line":88,"column":63},"end":{"line":88,"column":64}}],"line":88},"5":{"loc":{"start":{"line":89,"column":37},"end":{"line":89,"column":65}},"type":"binary-expr","locations":[{"start":{"line":89,"column":37},"end":{"line":89,"column":57}},{"start":{"line":89,"column":61},"end":{"line":89,"column":65}}],"line":89},"6":{"loc":{"start":{"line":90,"column":38},"end":{"line":90,"column":64}},"type":"binary-expr","locations":[{"start":{"line":90,"column":38},"end":{"line":90,"column":59}},{"start":{"line":90,"column":63},"end":{"line":90,"column":64}}],"line":90},"7":{"loc":{"start":{"line":91,"column":45},"end":{"line":91,"column":78}},"type":"binary-expr","locations":[{"start":{"line":91,"column":45},"end":{"line":91,"column":73}},{"start":{"line":91,"column":77},"end":{"line":91,"column":78}}],"line":91},"8":{"loc":{"start":{"line":92,"column":44},"end":{"line":92,"column":80}},"type":"binary-expr","locations":[{"start":{"line":92,"column":44},"end":{"line":92,"column":71}},{"start":{"line":92,"column":75},"end":{"line":92,"column":80}}],"line":92},"9":{"loc":{"start":{"line":95,"column":10},"end":{"line":95,"column":87}},"type":"if","locations":[{"start":{"line":95,"column":10},"end":{"line":95,"column":87}},{"start":{},"end":{}}],"line":95},"10":{"loc":{"start":{"line":99,"column":6},"end":{"line":103,"column":7}},"type":"if","locations":[{"start":{"line":99,"column":6},"end":{"line":103,"column":7}},{"start":{},"end":{}}],"line":99},"11":{"loc":{"start":{"line":101,"column":10},"end":{"line":101,"column":48}},"type":"if","locations":[{"start":{"line":101,"column":10},"end":{"line":101,"column":48}},{"start":{},"end":{}}],"line":101},"12":{"loc":{"start":{"line":107,"column":28},"end":{"line":107,"column":52}},"type":"binary-expr","locations":[{"start":{"line":107,"column":28},"end":{"line":107,"column":46}},{"start":{"line":107,"column":50},"end":{"line":107,"column":52}}],"line":107},"13":{"loc":{"start":{"line":113,"column":24},"end":{"line":113,"column":53}},"type":"cond-expr","locations":[{"start":{"line":113,"column":34},"end":{"line":113,"column":49}},{"start":{"line":113,"column":52},"end":{"line":113,"column":53}}],"line":113},"14":{"loc":{"start":{"line":121,"column":37},"end":{"line":121,"column":52}},"type":"cond-expr","locations":[{"start":{"line":121,"column":47},"end":{"line":121,"column":48}},{"start":{"line":121,"column":51},"end":{"line":121,"column":52}}],"line":121},"15":{"loc":{"start":{"line":132,"column":6},"end":{"line":132,"column":55}},"type":"if","locations":[{"start":{"line":132,"column":6},"end":{"line":132,"column":55}},{"start":{},"end":{}}],"line":132},"16":{"loc":{"start":{"line":137,"column":6},"end":{"line":144,"column":7}},"type":"if","locations":[{"start":{"line":137,"column":6},"end":{"line":144,"column":7}},{"start":{"line":139,"column":13},"end":{"line":144,"column":7}}],"line":137},"17":{"loc":{"start":{"line":139,"column":13},"end":{"line":144,"column":7}},"type":"if","locations":[{"start":{"line":139,"column":13},"end":{"line":144,"column":7}},{"start":{"line":142,"column":13},"end":{"line":144,"column":7}}],"line":139},"18":{"loc":{"start":{"line":139,"column":17},"end":{"line":139,"column":81}},"type":"binary-expr","locations":[{"start":{"line":139,"column":17},"end":{"line":139,"column":49}},{"start":{"line":139,"column":53},"end":{"line":139,"column":81}}],"line":139},"19":{"loc":{"start":{"line":143,"column":25},"end":{"line":143,"column":62}},"type":"cond-expr","locations":[{"start":{"line":143,"column":57},"end":{"line":143,"column":58}},{"start":{"line":143,"column":61},"end":{"line":143,"column":62}}],"line":143}},"s":{"0":1,"1":1,"2":7,"3":7,"4":7,"5":35,"6":8,"7":8,"8":8,"9":4,"10":4,"11":4,"12":4,"13":4,"14":4,"15":4,"16":4,"17":24,"18":24,"19":2,"20":8,"21":8,"22":1,"23":6,"24":1,"25":8,"26":13,"27":13,"28":13,"29":13,"30":8,"31":8,"32":8,"33":1,"34":7,"35":7,"36":7,"37":7,"38":7,"39":3,"40":4,"41":1,"42":1,"43":3,"44":7,"45":2,"46":2,"47":2,"48":0},"f":{"0":7,"1":35,"2":24,"3":6},"b":{"0":[8,13,8,2,2,2,0],"1":[4,4],"2":[4,3],"3":[4,4],"4":[4,4],"5":[4,4],"6":[4,4],"7":[4,3],"8":[4,4],"9":[2,22],"10":[1,7],"11":[1,5],"12":[8,7],"13":[10,3],"14":[10,3],"15":[1,7],"16":[3,4],"17":[1,3],"18":[4,2],"19":[1,2]},"_coverageSchema":"1a1c01bbd47fc00a2c39e90264f33305004495a9","hash":"607de27e7423475f49b15c8f250f405239922f32"}
}
