TN:
SF:components\ChallengeModal.tsx
FN:37,ChallengeModal
FN:45,(anonymous_1)
FN:52,(anonymous_2)
FN:55,(anonymous_3)
FN:58,(anonymous_4)
FN:63,(anonymous_5)
FN:89,(anonymous_6)
FN:93,(anonymous_7)
FN:116,(anonymous_8)
FNF:9
FNH:9
FNDA:40,ChallengeModal
FNDA:2,(anonymous_1)
FNDA:1,(anonymous_2)
FNDA:1,(anonymous_3)
FNDA:2,(anonymous_4)
FNDA:2,(anonymous_5)
FNDA:6,(anonymous_6)
FNDA:1,(anonymous_7)
FNDA:8,(anonymous_8)
DA:38,40
DA:39,40
DA:40,40
DA:41,40
DA:43,40
DA:45,40
DA:46,2
DA:47,2
DA:48,2
DA:49,2
DA:52,40
DA:53,1
DA:54,1
DA:55,1
DA:58,40
DA:59,2
DA:60,2
DA:63,40
DA:64,2
DA:65,2
DA:68,40
DA:90,6
DA:93,1
DA:116,8
DA:168,1
LF:25
LH:25
BRDA:43,0,0,40
BRDA:43,0,1,3
BRDA:72,1,0,40
BRDA:72,1,1,0
BRDA:82,2,0,40
BRDA:82,2,1,28
BRDA:87,3,0,3
BRDA:87,3,1,25
BRDA:92,4,0,6
BRDA:92,4,1,1
BRDA:96,5,0,6
BRDA:96,5,1,1
BRDA:115,6,0,28
BRDA:115,6,1,19
BRDA:129,7,0,40
BRDA:129,7,1,10
BRDA:132,8,0,9
BRDA:132,8,1,1
BRDA:150,9,0,40
BRDA:150,9,1,2
BRF:20
BRH:19
end_of_record
TN:
SF:components\CopiedToast.tsx
FN:6,CopiedToast
FN:9,(anonymous_1)
FNF:2
FNH:2
FNDA:42,CopiedToast
FNDA:22,(anonymous_1)
DA:7,42
DA:9,42
DA:10,22
DA:11,2
DA:12,2
DA:20,42
DA:29,2
LF:7
LH:7
BRDA:10,0,0,2
BRDA:10,0,1,20
BRF:2
BRH:2
end_of_record
TN:
SF:components\Masthead.tsx
FN:7,Masthead
FNF:1
FNH:0
FNDA:0,Masthead
DA:8,0
DA:9,0
DA:10,0
DA:11,0
DA:13,0
DA:37,0
LF:6
LH:0
BRDA:25,0,0,0
BRDA:25,0,1,0
BRDA:27,1,0,0
BRDA:27,1,1,0
BRF:4
BRH:0
end_of_record
TN:
SF:components\external-link.tsx
FN:7,ExternalLink
FN:13,(anonymous_1)
FNF:2
FNH:0
FNDA:0,ExternalLink
FNDA:0,(anonymous_1)
DA:8,0
DA:14,0
DA:16,0
DA:18,0
LF:4
LH:0
BRDA:14,0,0,0
BRDA:14,0,1,0
BRF:2
BRH:0
end_of_record
TN:
SF:components\haptic-tab.tsx
FN:5,HapticTab
FN:9,(anonymous_1)
FNF:2
FNH:0
FNDA:0,HapticTab
FNDA:0,(anonymous_1)
DA:6,0
DA:10,0
DA:12,0
DA:14,0
LF:4
LH:0
BRDA:10,0,0,0
BRDA:10,0,1,0
BRF:2
BRH:0
end_of_record
TN:
SF:components\hello-wave.tsx
FN:3,HelloWave
FNF:1
FNH:0
FNDA:0,HelloWave
DA:4,0
LF:1
LH:0
BRF:0
BRH:0
end_of_record
TN:
SF:components\parallax-scroll-view.tsx
FN:21,ParallaxScrollView
FN:30,(anonymous_1)
FNF:2
FNH:0
FNDA:0,ParallaxScrollView
FNDA:0,(anonymous_1)
DA:14,0
DA:26,0
DA:27,0
DA:28,0
DA:29,0
DA:30,0
DA:31,0
DA:47,0
DA:65,0
LF:9
LH:0
BRDA:27,0,0,0
BRDA:27,0,1,0
BRF:2
BRH:0
end_of_record
TN:
SF:components\themed-text.tsx
FN:11,ThemedText
FNF:1
FNH:0
FNDA:0,ThemedText
DA:18,0
DA:20,0
DA:36,0
LF:3
LH:0
BRDA:15,0,0,0
BRDA:24,1,0,0
BRDA:24,1,1,0
BRDA:25,2,0,0
BRDA:25,2,1,0
BRDA:26,3,0,0
BRDA:26,3,1,0
BRDA:27,4,0,0
BRDA:27,4,1,0
BRDA:28,5,0,0
BRDA:28,5,1,0
BRF:11
BRH:0
end_of_record
TN:
SF:components\themed-view.tsx
FN:10,ThemedView
FNF:1
FNH:0
FNDA:0,ThemedView
DA:11,0
DA:13,0
LF:2
LH:0
BRF:0
BRH:0
end_of_record
TN:
SF:components\ui\collapsible.tsx
FN:10,Collapsible
FN:18,(anonymous_1)
FN:18,(anonymous_2)
FNF:3
FNH:0
FNDA:0,Collapsible
FNDA:0,(anonymous_1)
FNDA:0,(anonymous_2)
DA:11,0
DA:12,0
DA:14,0
DA:18,0
DA:35,0
LF:5
LH:0
BRDA:12,0,0,0
BRDA:12,0,1,0
BRDA:24,1,0,0
BRDA:24,1,1,0
BRDA:25,2,0,0
BRDA:25,2,1,0
BRDA:30,3,0,0
BRDA:30,3,1,0
BRF:8
BRH:0
end_of_record
TN:
SF:components\ui\icon-symbol.ios.tsx
FN:4,IconSymbol
FNF:1
FNH:0
FNDA:0,IconSymbol
DA:17,0
LF:1
LH:0
BRDA:6,0,0,0
BRDA:9,1,0,0
BRF:2
BRH:0
end_of_record
TN:
SF:components\ui\icon-symbol.tsx
FN:30,IconSymbol
FNF:1
FNH:0
FNDA:0,IconSymbol
DA:16,0
DA:42,0
LF:2
LH:0
BRDA:32,0,0,0
BRF:1
BRH:0
end_of_record
TN:
SF:constants\data.ts
FNF:0
FNH:0
DA:163,0
DA:172,0
DA:238,0
DA:283,0
DA:426,0
DA:471,0
DA:699,0
DA:747,0
LF:8
LH:0
BRF:0
BRH:0
end_of_record
TN:
SF:constants\theme.ts
FNF:0
FNH:0
DA:1,2
DA:18,2
DA:33,2
DA:52,2
LF:4
LH:4
BRF:0
BRH:0
end_of_record
TN:
SF:constants\utils.ts
FN:1,calculatePoints
FN:6,getIssueNumber
FN:10,getTodayString
FN:19,getTodayISODate
FN:24,formatRelativeDate
FN:36,shuffleIndices
FN:37,(anonymous_6)
FN:45,genChallengeUrl
FN:52,pickFromBank
FN:54,(anonymous_9)
FN:54,(anonymous_10)
FN:59,scoreSpread
FNF:12
FNH:10
FNDA:12,calculatePoints
FNDA:0,getIssueNumber
FNDA:0,getTodayString
FNDA:5,getTodayISODate
FNDA:5,formatRelativeDate
FNDA:7,shuffleIndices
FNDA:32,(anonymous_6)
FNDA:21,genChallengeUrl
FNDA:5,pickFromBank
FNDA:25,(anonymous_9)
FNDA:25,(anonymous_10)
FNDA:6,scoreSpread
DA:2,12
DA:3,9
DA:7,0
DA:11,0
DA:20,5
DA:21,5
DA:25,5
DA:26,5
DA:27,5
DA:28,5
DA:29,5
DA:30,4
DA:31,3
DA:32,2
DA:33,1
DA:37,32
DA:38,7
DA:39,26
DA:40,26
DA:42,7
DA:46,21
DA:47,21
DA:48,168
DA:49,21
DA:53,5
DA:54,25
DA:55,5
DA:56,5
DA:60,6
DA:61,6
DA:62,6
DA:63,4
DA:64,2
DA:65,6
DA:66,6
LF:35
LH:33
BRDA:1,0,0,10
BRDA:2,1,0,3
BRDA:2,1,1,9
BRDA:29,2,0,1
BRDA:29,2,1,4
BRDA:30,3,0,1
BRDA:30,3,1,3
BRDA:31,4,0,1
BRDA:31,4,1,2
BRDA:32,5,0,1
BRDA:32,5,1,1
BRDA:53,6,0,1
BRDA:53,6,1,4
BRDA:62,7,0,2
BRDA:62,7,1,4
BRDA:63,8,0,2
BRDA:63,8,1,2
BRDA:64,9,0,1
BRDA:64,9,1,1
BRF:19
BRH:19
end_of_record
TN:
SF:context\GameContext.tsx
FN:22,GameProvider
FN:26,(anonymous_1)
FN:28,(anonymous_2)
FN:34,(anonymous_3)
FN:35,(anonymous_4)
FN:38,(anonymous_5)
FN:43,(anonymous_6)
FN:46,(anonymous_7)
FN:51,(anonymous_8)
FN:55,(anonymous_9)
FN:59,(anonymous_10)
FN:73,useGame
FNF:12
FNH:0
FNDA:0,GameProvider
FNDA:0,(anonymous_1)
FNDA:0,(anonymous_2)
FNDA:0,(anonymous_3)
FNDA:0,(anonymous_4)
FNDA:0,(anonymous_5)
FNDA:0,(anonymous_6)
FNDA:0,(anonymous_7)
FNDA:0,(anonymous_8)
FNDA:0,(anonymous_9)
FNDA:0,(anonymous_10)
FNDA:0,useGame
DA:18,0
DA:20,0
DA:23,0
DA:24,0
DA:26,0
DA:27,0
DA:29,0
DA:30,0
DA:31,0
DA:35,0
DA:38,0
DA:39,0
DA:40,0
DA:46,0
DA:47,0
DA:48,0
DA:51,0
DA:52,0
DA:55,0
DA:56,0
DA:59,0
DA:60,0
DA:66,0
DA:74,0
DA:75,0
DA:76,0
LF:26
LH:0
BRDA:29,0,0,0
BRDA:29,0,1,0
BRDA:39,1,0,0
BRDA:39,1,1,0
BRDA:75,2,0,0
BRDA:75,2,1,0
BRF:6
BRH:0
end_of_record
TN:
SF:context\gameReducer.ts
FN:66,getPreviousDay
FN:80,reducer
FN:93,(anonymous_2)
FN:100,(anonymous_3)
FNF:4
FNH:4
FNDA:7,getPreviousDay
FNDA:35,reducer
FNDA:24,(anonymous_2)
FNDA:6,(anonymous_3)
DA:44,1
DA:46,1
DA:67,7
DA:68,7
DA:69,7
DA:81,35
DA:83,8
DA:84,8
DA:85,8
DA:86,4
DA:87,4
DA:88,4
DA:89,4
DA:90,4
DA:91,4
DA:92,4
DA:93,4
DA:94,24
DA:95,24
DA:98,8
DA:99,8
DA:100,1
DA:101,6
DA:104,8
DA:111,13
DA:112,13
DA:113,13
DA:114,13
DA:130,8
DA:131,8
DA:132,8
DA:133,7
DA:134,7
DA:135,7
DA:136,7
DA:137,7
DA:138,3
DA:139,4
DA:140,1
DA:141,1
DA:143,3
DA:145,7
DA:159,2
DA:161,2
DA:169,2
DA:171,0
LF:46
LH:45
BRDA:81,0,0,8
BRDA:81,0,1,13
BRDA:81,0,2,8
BRDA:81,0,3,2
BRDA:81,0,4,2
BRDA:81,0,5,2
BRDA:81,0,6,0
BRDA:85,1,0,4
BRDA:85,1,1,4
BRDA:86,2,0,4
BRDA:86,2,1,3
BRDA:87,3,0,4
BRDA:87,3,1,4
BRDA:88,4,0,4
BRDA:88,4,1,4
BRDA:89,5,0,4
BRDA:89,5,1,4
BRDA:90,6,0,4
BRDA:90,6,1,4
BRDA:91,7,0,4
BRDA:91,7,1,3
BRDA:92,8,0,4
BRDA:92,8,1,4
BRDA:95,9,0,2
BRDA:95,9,1,22
BRDA:99,10,0,1
BRDA:99,10,1,7
BRDA:101,11,0,1
BRDA:101,11,1,5
BRDA:107,12,0,8
BRDA:107,12,1,7
BRDA:113,13,0,10
BRDA:113,13,1,3
BRDA:121,14,0,10
BRDA:121,14,1,3
BRDA:132,15,0,1
BRDA:132,15,1,7
BRDA:137,16,0,3
BRDA:137,16,1,4
BRDA:139,17,0,1
BRDA:139,17,1,3
BRDA:139,18,0,4
BRDA:139,18,1,2
BRDA:143,19,0,1
BRDA:143,19,1,2
BRF:45
BRH:44
end_of_record
